<?xml version="1.0" encoding="UTF-8"?>
<coverage generated="1601490989667" clover="3.2.0">
  <project timestamp="1601490989667" name="All files">
    <metrics statements="5" coveredstatements="5" conditionals="0" coveredconditionals="0" methods="2" coveredmethods="2" elements="7" coveredelements="7" complexity="0" loc="5" ncloc="5" packages="1" files="1" classes="1"/>
    <file name="Button.spec.js" path="/Users/alex/Documents/code/large-file-cypress-react-unit-test-bug/src/Button.spec.js">
      <metrics statements="5" coveredstatements="5" conditionals="0" coveredconditionals="0" methods="2" coveredmethods="2"/>
      <line num="8" count="2" type="stmt"/>
      <line num="23" count="2" type="stmt"/>
      <line num="41" count="2" type="stmt"/>
      <line num="42" count="2" type="stmt"/>
      <line num="43" count="2" type="stmt"/>
    </file>
  </project>
</coverage>
