{"/Users/alex/Documents/code/large-file-cypress-react-unit-test-bug/src/Button.spec.js": {"path":"/Users/alex/Documents/code/large-file-cypress-react-unit-test-bug/src/Button.spec.js","statementMap":{"0":{"start":{"line":8,"column":19},"end":{"line":21,"column":1}},"1":{"start":{"line":23,"column":16},"end":{"line":39,"column":1}},"2":{"start":{"line":41,"column":0},"end":{"line":45,"column":3}},"3":{"start":{"line":42,"column":2},"end":{"line":44,"column":5}},"4":{"start":{"line":43,"column":4},"end":{"line":43,"column":111}}},"fnMap":{"0":{"name":"(anonymous_0)","decl":{"start":{"line":41,"column":29},"end":{"line":41,"column":30}},"loc":{"start":{"line":41,"column":35},"end":{"line":45,"column":1}},"line":41},"1":{"name":"(anonymous_1)","decl":{"start":{"line":42,"column":29},"end":{"line":42,"column":30}},"loc":{"start":{"line":42,"column":35},"end":{"line":44,"column":3}},"line":42}},"branchMap":{},"s":{"0":2,"1":2,"2":2,"3":2,"4":2},"f":{"0":2,"1":2},"b":{},"_coverageSchema":"43e27e138ebf9cfc5966b082cf9a028302ed4184","hash":"f043f0412588ce20bdd7bdd9bd4f6840a636f0f3"}
}
